[0.416s] Invoking command in '/home/debian/URDF_for_delta/build/delta': PYTHONPATH=/home/debian/URDF_for_delta/build/delta/prefix_override:/usr/lib/python3/dist-packages/colcon_core/task/python/colcon_distutils_commands:/home/debian/URDF_for_delta/install/delta/lib/python3.10/site-packages:${PYTHONPATH} /usr/bin/python3 -W ignore:setup.py install is deprecated setup.py develop --editable --build-directory /home/debian/URDF_for_delta/build/delta/build --no-deps symlink_data
[0.595s] running develop
[0.595s] /usr/lib/python3/dist-packages/setuptools/command/easy_install.py:158: EasyInstallDeprecationWarning: easy_install command is deprecated. Use build and pip and other standards-based tools.
[0.595s]   warnings.warn(
[0.706s] running egg_info
[0.706s] writing delta.egg-info/PKG-INFO
[0.706s] writing dependency_links to delta.egg-info/dependency_links.txt
[0.706s] writing entry points to delta.egg-info/entry_points.txt
[0.706s] writing requirements to delta.egg-info/requires.txt
[0.706s] writing top-level names to delta.egg-info/top_level.txt
[0.708s] reading manifest file 'delta.egg-info/SOURCES.txt'
[0.710s] writing manifest file 'delta.egg-info/SOURCES.txt'
[0.711s] running build_ext
[0.711s] Creating /home/debian/URDF_for_delta/install/delta/lib/python3.10/site-packages/delta.egg-link (link to .)
[0.712s] 
[0.712s] Installed /home/debian/URDF_for_delta/build/delta
[0.712s] running symlink_data
[0.712s] symbolically linking /home/debian/URDF_for_delta/build/delta/meshes/collision/A01-Face.stl -> /home/debian/URDF_for_delta/install/delta/share/delta/meshes/collision/
[0.715s] symbolically linking /home/debian/URDF_for_delta/build/delta/meshes/visual/face_1.stl -> /home/debian/URDF_for_delta/install/delta/share/delta/meshes/visual/
[0.738s] Invoked command in '/home/debian/URDF_for_delta/build/delta' returned '0': PYTHONPATH=/home/debian/URDF_for_delta/build/delta/prefix_override:/usr/lib/python3/dist-packages/colcon_core/task/python/colcon_distutils_commands:/home/debian/URDF_for_delta/install/delta/lib/python3.10/site-packages:${PYTHONPATH} /usr/bin/python3 -W ignore:setup.py install is deprecated setup.py develop --editable --build-directory /home/debian/URDF_for_delta/build/delta/build --no-deps symlink_data
